<?xml version="1.0" encoding="UTF-8"?>
<!-- Generated by org.testng.reporters.JUnitReportReporter -->
<testsuite hostname="DESKTOP-PTDMAQQ" failures="0" tests="1" name="com.salesForce.tests_1.AutomationScripts" time="13.246" errors="0" timestamp="2022-10-01T18:48:02 EDT" skipped="0">
  <testcase classname="com.salesForce.tests_1.AutomationScripts" name="SFTC05_userMenu" time="13.246"/>
  <system-out/>
</testsuite> <!-- com.salesForce.tests_1.AutomationScripts -->
